proguard-project.txt
# To enable ProGuard in your project, edit project.properties
# to define the proguard.config property as described in that file.
#
# Add project specific ProGuard rules here.
# By default, the flags in this file are appended to flags specified
# in ${sdk.dir}/tools/proguard/proguard-android.txt
# You can edit the include path and order by changing the ProGuard
# include property in project.properties.
#
# For more details, see
#   http://developer.android.com/guide/developing/tools/proguard.html

# Add any project specific keep options here:

# If your project uses WebView with JS, uncomment the following
# and specify the fully qualified class name to the JavaScript interface
# class:
#-keepclassmembers class fqcn.of.javascript.interface.for.webview {
#   public *;
#}




-keepattributes *Annotation*
-keepattributes *JavascriptInterface*

-optimizationpasses 5 
-dontusemixedcaseclassnames 
-dontskipnonpubliclibraryclasses 
-dontoptimize 
-verbose 
-dontwarn 
-dontskipnonpubliclibraryclassmembers 
-optimizations !code/simplification/arithmetic,!field/*,!class/merging/* 

-keep public class * extends android.app.Activity 

-keep public class * extends android.app.Application 

-keep public class * extends android.app.Service 

-keep public class * extends android.content.BroadcastReceiver 

-keep public class * extends android.content.ContentProvider 

-keep public class * extends android.app.backup.BackupAgentHelper 

-keep public class * extends android.preference.Preference 

-keep public class com.android.vending.licensing.ILicensingService 

-keep public class * extends android.app.Fragment
  

-keepclasseswithmembernames class * { 
native <methods>; 
} 

  

-keepclasseswithmembers class * {
public <init>(android.content.Context, android.util.AttributeSet); 

} 


-keepclasseswithmembers class * { 
public <init>(android.content.Context, android.util.AttributeSet, int); 
} 


-keepclassmembers class * extends android.app.Activity { 
 public void *(android.view.View); 
} 


-keep class * implements android.os.Serializable {
public static final android.os.Serializable$Creator *;
}

-keepclassmembers enum * { 

public static **[] values(); 
public static ** valueOf(java.lang.String); 

} 

-keep class * implements android.os.Parcelable { 

public static final android.os.Parcelable$Creator *; 

} 
-dontwarn android.support.v4.**
-keep class android.support.v4.** { *; } 
-dontwarn android.support.v7.**
-keep class android.support.v7.** { *; } 

-dontwarn com.google.gson.**
-keep class com.google.gson.** { *; }

-dontwarn net.sf.json.**
-keep class net.sf.json.** { *; }

## ----------------------------------
##   ########## Gson混淆    ##########
## ----------------------------------
-keepattributes Signature 
-keep class sun.misc.Unsafe { *; } 
-keep class com.google.gson.examples.android.model.** { *; }

# # -------------------------------------------
# #  ############### volley混淆  ###############  
# # -------------------------------------------
-keep class com.android.volley.** {*;}
-keep class com.android.volley.toolbox.** {*;}
-keep class com.android.volley.Response$* { *; }
-keep class com.android.volley.Request$* { *; }
-keep class com.android.volley.RequestQueue$* { *; }
-keep class com.android.volley.toolbox.HurlStack$* { *; }
-keep class com.android.volley.toolbox.ImageLoader$* { *; }

-dontwarn com.android.volley.jar.**
-keep class com.android.volley.**{*;}
-dontwarn com.td.tradedistance.app.bean.**
-keep class com.td.tradedistance.app.bean.**{*;}

-dontwarn com.td.tradedistance.app.bean1.**
-keep class com.td.tradedistance.app.bean1.**{*;}
-dontwarn com.zhy.m.**
-keep class com.zhy.m.** {*;}
-keep interface com.zhy.m.** { *; }
-keep class **$$PermissionProxy { *; }

-dontwarn cn.jpush.**
-keep class cn.jpush.** { *; }