proguard/seeds.txt
android.support.v4.content.res.ResourcesCompatIcsMr1
android.support.v4.content.res.ResourcesCompatIcsMr1: ResourcesCompatIcsMr1()
android.support.v4.content.res.ResourcesCompatIcsMr1: android.graphics.drawable.Drawable getDrawableForDensity(android.content.res.Resources,int,int)
android.support.v4.content.res.TypedArrayUtils
android.support.v4.content.res.TypedArrayUtils: TypedArrayUtils()
android.support.v4.content.res.TypedArrayUtils: boolean getBoolean(android.content.res.TypedArray,int,int,boolean)
android.support.v4.content.res.TypedArrayUtils: android.graphics.drawable.Drawable getDrawable(android.content.res.TypedArray,int,int)
android.support.v4.content.res.TypedArrayUtils: int getInt(android.content.res.TypedArray,int,int,int)
android.support.v4.content.res.TypedArrayUtils: int getResourceId(android.content.res.TypedArray,int,int,int)
android.support.v4.content.res.TypedArrayUtils: java.lang.String getString(android.content.res.TypedArray,int,int)
android.support.v4.content.res.TypedArrayUtils: java.lang.CharSequence[] getTextArray(android.content.res.TypedArray,int,int)
android.support.v4.database.DatabaseUtilsCompat
android.support.v4.database.DatabaseUtilsCompat: DatabaseUtilsCompat()
android.support.v4.database.DatabaseUtilsCompat: java.lang.String concatenateWhere(java.lang.String,java.lang.String)
android.support.v4.database.DatabaseUtilsCompat: java.lang.String[] appendSelectionArgs(java.lang.String[],java.lang.String[])
android.support.v4.graphics.BitmapCompat
android.support.v4.graphics.BitmapCompat: android.support.v4.graphics.BitmapCompat$BitmapImpl IMPL
android.support.v4.graphics.BitmapCompat: BitmapCompat()
android.support.v4.graphics.BitmapCompat: boolean hasMipMap(android.graphics.Bitmap)
android.support.v4.graphics.BitmapCompat: void setHasMipMap(android.graphics.Bitmap,boolean)
android.support.v4.graphics.BitmapCompat: int getAllocationByteCount(android.graphics.Bitmap)
android.support.v4.graphics.BitmapCompat: void <clinit>()
android.support.v4.graphics.BitmapCompat$BaseBitmapImpl
android.support.v4.graphics.BitmapCompat$BaseBitmapImpl: BitmapCompat$BaseBitmapImpl()
android.support.v4.graphics.BitmapCompat$BaseBitmapImpl: boolean hasMipMap(android.graphics.Bitmap)
android.support.v4.graphics.BitmapCompat$BaseBitmapImpl: void setHasMipMap(android.graphics.Bitmap,boolean)
android.support.v4.graphics.BitmapCompat$BaseBitmapImpl: int getAllocationByteCount(android.graphics.Bitmap)
android.support.v4.graphics.BitmapCompat$BitmapImpl
android.support.v4.graphics.BitmapCompat$BitmapImpl: boolean hasMipMap(android.graphics.Bitmap)
android.support.v4.graphics.BitmapCompat$BitmapImpl: void setHasMipMap(android.graphics.Bitmap,boolean)
android.support.v4.graphics.BitmapCompat$BitmapImpl: int getAllocationByteCount(android.graphics.Bitmap)
android.support.v4.graphics.BitmapCompat$HcMr1BitmapCompatImpl
android.support.v4.graphics.BitmapCompat$HcMr1BitmapCompatImpl: BitmapCompat$HcMr1BitmapCompatImpl()
android.support.v4.graphics.BitmapCompat$HcMr1BitmapCompatImpl: int getAllocationByteCount(android.graphics.Bitmap)
android.support.v4.graphics.BitmapCompat$JbMr2BitmapCompatImpl
android.support.v4.graphics.BitmapCompat$JbMr2BitmapCompatImpl: BitmapCompat$JbMr2BitmapCompatImpl()
android.support.v4.graphics.BitmapCompat$JbMr2BitmapCompatImpl: boolean hasMipMap(android.graphics.Bitmap)
android.support.v4.graphics.BitmapCompat$JbMr2BitmapCompatImpl: void setHasMipMap(android.graphics.Bitmap,boolean)
android.support.v4.graphics.BitmapCompat$KitKatBitmapCompatImpl
android.support.v4.graphics.BitmapCompat$KitKatBitmapCompatImpl: BitmapCompat$KitKatBitmapCompatImpl()
android.support.v4.graphics.BitmapCompat$KitKatBitmapCompatImpl: int getAllocationByteCount(android.graphics.Bitmap)
android.support.v4.graphics.BitmapCompatHoneycombMr1
android.support.v4.graphics.BitmapCompatHoneycombMr1: BitmapCompatHoneycombMr1()
android.support.v4.graphics.BitmapCompatHoneycombMr1: int getAllocationByteCount(android.graphics.Bitmap)