proguard/mapping.txt
android.support.v4.view.AccessibilityDelegateCompatIcs$1 -> android.support.v4.view.AccessibilityDelegateCompatIcs$1:
    android.support.v4.view.AccessibilityDelegateCompatIcs$AccessibilityDelegateBridge val$bridge -> val$bridge
    boolean dispatchPopulateAccessibilityEvent(android.view.View,android.view.accessibility.AccessibilityEvent) -> dispatchPopulateAccessibilityEvent
    void onInitializeAccessibilityEvent(android.view.View,android.view.accessibility.AccessibilityEvent) -> onInitializeAccessibilityEvent
    void onInitializeAccessibilityNodeInfo(android.view.View,android.view.accessibility.AccessibilityNodeInfo) -> onInitializeAccessibilityNodeInfo
    void onPopulateAccessibilityEvent(android.view.View,android.view.accessibility.AccessibilityEvent) -> onPopulateAccessibilityEvent
    boolean onRequestSendAccessibilityEvent(android.view.ViewGroup,android.view.View,android.view.accessibility.AccessibilityEvent) -> onRequestSendAccessibilityEvent
    void sendAccessibilityEvent(android.view.View,int) -> sendAccessibilityEvent
    void sendAccessibilityEventUnchecked(android.view.View,android.view.accessibility.AccessibilityEvent) -> sendAccessibilityEventUnchecked
android.support.v4.view.AccessibilityDelegateCompatIcs$AccessibilityDelegateBridge -> android.support.v4.view.AccessibilityDelegateCompatIcs$AccessibilityDelegateBridge:
    boolean dispatchPopulateAccessibilityEvent(android.view.View,android.view.accessibility.AccessibilityEvent) -> dispatchPopulateAccessibilityEvent
    void onInitializeAccessibilityEvent(android.view.View,android.view.accessibility.AccessibilityEvent) -> onInitializeAccessibilityEvent
    void onInitializeAccessibilityNodeInfo(android.view.View,java.lang.Object) -> onInitializeAccessibilityNodeInfo
    void onPopulateAccessibilityEvent(android.view.View,android.view.accessibility.AccessibilityEvent) -> onPopulateAccessibilityEvent
    boolean onRequestSendAccessibilityEvent(android.view.ViewGroup,android.view.View,android.view.accessibility.AccessibilityEvent) -> onRequestSendAccessibilityEvent
    void sendAccessibilityEvent(android.view.View,int) -> sendAccessibilityEvent
    void sendAccessibilityEventUnchecked(android.view.View,android.view.accessibility.AccessibilityEvent) -> sendAccessibilityEventUnchecked
android.support.v4.view.AccessibilityDelegateCompatJellyBean -> android.support.v4.view.AccessibilityDelegateCompatJellyBean:
    java.lang.Object newAccessibilityDelegateBridge(android.support.v4.view.AccessibilityDelegateCompatJellyBean$AccessibilityDelegateBridgeJellyBean) -> newAccessibilityDelegateBridge
    java.lang.Object getAccessibilityNodeProvider(java.lang.Object,android.view.View) -> getAccessibilityNodeProvider
    boolean performAccessibilityAction(java.lang.Object,android.view.View,int,android.os.Bundle) -> performAccessibilityAction