proguard/usage.txt
android.support.annotation.InterpolatorRes
android.support.annotation.LayoutRes
android.support.annotation.MainThread
android.support.annotation.MenuRes
android.support.annotation.NonNull
android.support.annotation.Nullable
android.support.annotation.PluralsRes
android.support.annotation.RawRes
android.support.annotation.RequiresPermission
android.support.annotation.RequiresPermission$Read
android.support.annotation.RequiresPermission$Write
android.support.annotation.Size
android.support.annotation.StringDef
android.support.annotation.StringRes
android.support.annotation.StyleRes
android.support.annotation.StyleableRes
android.support.annotation.TransitionRes
android.support.annotation.UiThread
android.support.annotation.VisibleForTesting
android.support.annotation.WorkerThread
android.support.annotation.XmlRes
api.ApiAction:
    public static final java.lang.String DengLu
    public static final java.lang.String BangDingZhongDuan
    public static final java.lang.String ZhuXiao
    public static final java.lang.String GeRenXinXi
    public static final java.lang.String JiaoXueJiHua
    public static final java.lang.String KeChengXinXi
    public static final java.lang.String ZaiXueKeCheng
    public static final java.lang.String ZaiXueKeCheng_YWJ
    public static final java.lang.String FuXiDaGang
    public static final java.lang.String PingShiZuoYeChengJi
    public static final java.lang.String LanMuCaiDan
    public static final java.lang.String kaoshi
    public static final java.lang.String zongxuefen
    public static final java.lang.String GuangGaoWei
    public static final java.lang.String kaochangchaxun
    public static final java.lang.String kaoshiyuyue
    public static final java.lang.String tongzhigonggao
    public static final java.lang.String xiazai
    public static final java.lang.String GeRenSheZhi
    12:12:public ApiAction()
api.ApiGlobal
api.DiskLruCache:
    static final java.lang.String JOURNAL_FILE
    static final java.lang.String JOURNAL_FILE_TMP
    static final java.lang.String MAGIC
    static final java.lang.String VERSION_1
    static final long ANY_SEQUENCE_NUMBER
    private static final java.lang.String CLEAN
    private static final java.lang.String DIRTY
    private static final java.lang.String REMOVE
    private static final java.lang.String READ
    private static final int IO_BUFFER_SIZE
    196:205:public static java.lang.String readFully(java.io.Reader)
    545:545:public java.io.File getDirectory()
    553:553:public long maxSize()
    562:562:public synchronized long size()
    663:663:public boolean isClosed()
    724:724:private static java.lang.String inputStreamToString(java.io.InputStream)
    517:517:static synthetic api.DiskLruCache$Editor access$5(api.DiskLruCache,java.lang.String,long)
    723:723:static synthetic java.lang.String access$6(java.io.InputStream)
    111:111:static synthetic java.nio.charset.Charset access$7()
api.DiskLruCache$Editor:
    787:787:public java.io.InputStream newInputStream(int)
    803:804:public java.lang.String getString(int)
    827:834:public void set(int,java.lang.String)
api.DiskLruCache$Snapshot:
    747:747:public api.DiskLruCache$Editor edit()
    761:761:public java.lang.String getString(int)